Using pre-set license
Built from '2020.3/staging' branch; Version is '2020.3.11f1 (99c7afb366b3) revision 10078127'; Using compiler version '192528614'; Build Type 'Release'
OS: 'Windows 10 Home; OS build 19042.1110; Version 2009; 64bit' Language: 'ru' Physical Memory: 7993 MB
BatchMode: 1, IsHumanControllingUs: 0, StartBugReporterOnCrash: 0, Is64bit: 1, IsPro: 0

 COMMAND LINE ARGUMENTS:
C:\Programming\UnityProject\2020.3.11f1\Editor\Unity.exe
-adb2
-batchMode
-noUpm
-name
AssetImportWorker0
-projectPath
C:/Users/HP/Documents/GitHub/ITEA-UNITY-07-02-2021/Sergey-Danilin-lesson-3
-logFile
Logs/AssetImportWorker0.log
-srvPort
59658
Successfully changed project path to: C:/Users/HP/Documents/GitHub/ITEA-UNITY-07-02-2021/Sergey-Danilin-lesson-3
C:/Users/HP/Documents/GitHub/ITEA-UNITY-07-02-2021/Sergey-Danilin-lesson-3
Using Asset Import Pipeline V2.
Refreshing native plugins compatible for Editor in 39.75 ms, found 3 plugins.
Preloading 0 native plugins for Editor in 0.00 ms.
Initialize engine version: 2020.3.11f1 (99c7afb366b3)
[Subsystems] Discovering subsystems at path C:/Programming/UnityProject/2020.3.11f1/Editor/Data/Resources/UnitySubsystems
[Subsystems] Discovering subsystems at path C:/Users/HP/Documents/GitHub/ITEA-UNITY-07-02-2021/Sergey-Danilin-lesson-3/Assets
GfxDevice: creating device client; threaded=0
Direct3D:
    Version:  Direct3D 11.0 [level 11.1]
    Renderer: NVIDIA GeForce GTX 1650 Ti (ID=0x1f95)
    Vendor:   
    VRAM:     3962 MB
    Driver:   27.21.14.6280
Initialize mono
Mono path[0] = 'C:/Programming/UnityProject/2020.3.11f1/Editor/Data/Managed'
Mono path[1] = 'C:/Programming/UnityProject/2020.3.11f1/Editor/Data/MonoBleedingEdge/lib/mono/unityjit'
Mono config path = 'C:/Programming/UnityProject/2020.3.11f1/Editor/Data/MonoBleedingEdge/etc'
Using monoOptions --debugger-agent=transport=dt_socket,embedding=1,server=y,suspend=n,address=127.0.0.1:56512
Begin MonoManager ReloadAssembly
Registering precompiled unity dll's ...
Register platform support module: C:/Programming/UnityProject/2020.3.11f1/Editor/Data/PlaybackEngines/WindowsStandaloneSupport/UnityEditor.WindowsStandalone.Extensions.dll
Registered in 0.001706 seconds.
Native extension for WindowsStandalone target not found
Refreshing native plugins compatible for Editor in 36.80 ms, found 3 plugins.
Preloading 0 native plugins for Editor in 0.00 ms.
Mono: successfully reloaded assembly
- Completed reload, in  1.458 seconds
Platform modules already initialized, skipping
Registering precompiled user dll's ...
Registered in 0.003831 seconds.
Begin MonoManager ReloadAssembly
Native extension for WindowsStandalone target not found
Refreshing native plugins compatible for Editor in 35.04 ms, found 3 plugins.
Preloading 0 native plugins for Editor in 0.00 ms.
Mono: successfully reloaded assembly
- Completed reload, in  0.946 seconds
Platform modules already initialized, skipping
========================================================================
Worker process is ready to serve import requests
Launched and connected shader compiler UnityShaderCompiler.exe after 0.03 seconds
Refreshing native plugins compatible for Editor in 0.43 ms, found 3 plugins.
Preloading 0 native plugins for Editor in 0.00 ms.
Unloading 2109 Unused Serialized files (Serialized files now loaded: 0)
System memory in use before: 96.1 MB.
System memory in use after: 96.2 MB.

Unloading 28 unused Assets to reduce memory usage. Loaded Objects now: 2549.
Total: 2.021400 ms (FindLiveObjects: 0.182700 ms CreateObjectMapping: 0.083600 ms MarkObjects: 1.662700 ms  DeleteObjects: 0.091700 ms)

========================================================================
Received Import Request.
  path: Assets/Prefabs/BUilding/TX Village Props Training Dummy.prefab
  artifactKey: Guid(47f80eefc9263434ab228b2a1c402f42) Importer(815301076,1909f56bfc062723c751e8b465ee728b)
Start importing Assets/Prefabs/BUilding/TX Village Props Training Dummy.prefab using Guid(47f80eefc9263434ab228b2a1c402f42) Importer(815301076,1909f56bfc062723c751e8b465ee728b)  -> (artifact id: '41d2f753b7be7e470fbe1b2f468c7a4c') in 0.102352 seconds
  Import took 0.105954 seconds .

========================================================================
Received Import Request.
  Time since last request: 0.000267 seconds.
  path: Assets/Prefabs/BUilding/PF FX Fire Bowl Fire.prefab
  artifactKey: Guid(799b2f7033ca48d4fbb9d8f7332d60b5) Importer(815301076,1909f56bfc062723c751e8b465ee728b)
Start importing Assets/Prefabs/BUilding/PF FX Fire Bowl Fire.prefab using Guid(799b2f7033ca48d4fbb9d8f7332d60b5) Importer(815301076,1909f56bfc062723c751e8b465ee728b)  -> (artifact id: '5b4e0ea0b267980802537ff55c5b12c4') in 0.016292 seconds
  Import took 0.019686 seconds .

========================================================================
Received Import Request.
  Time since last request: 0.602454 seconds.
  path: Assets/Prefabs/BUilding/TX Village Props Road Sign B.prefab
  artifactKey: Guid(bb10fb7cc3921304d99745d97930f5dd) Importer(815301076,1909f56bfc062723c751e8b465ee728b)
Start importing Assets/Prefabs/BUilding/TX Village Props Road Sign B.prefab using Guid(bb10fb7cc3921304d99745d97930f5dd) Importer(815301076,1909f56bfc062723c751e8b465ee728b)  -> (artifact id: '23d5f598ded03e2b128686b2398fea36') in 0.009871 seconds
  Import took 0.013720 seconds .

========================================================================
Received Import Request.
  Time since last request: 3.433518 seconds.
  path: Assets/Prefabs/BUilding/TX Village Props Road Sign A.prefab
  artifactKey: Guid(a9aca25fc417d07448aab8586a288c96) Importer(815301076,1909f56bfc062723c751e8b465ee728b)
Start importing Assets/Prefabs/BUilding/TX Village Props Road Sign A.prefab using Guid(a9aca25fc417d07448aab8586a288c96) Importer(815301076,1909f56bfc062723c751e8b465ee728b)  -> (artifact id: '4c20bdc55252eb4aec0d558fc95dacae') in 0.009342 seconds
  Import took 0.012936 seconds .

========================================================================
Received Import Request.
  Time since last request: 2.278701 seconds.
  path: Assets/Prefabs/BUilding/TX Village Props Road Sign A.prefab
  artifactKey: Guid(a9aca25fc417d07448aab8586a288c96) Importer(815301076,1909f56bfc062723c751e8b465ee728b)
Start importing Assets/Prefabs/BUilding/TX Village Props Road Sign A.prefab using Guid(a9aca25fc417d07448aab8586a288c96) Importer(815301076,1909f56bfc062723c751e8b465ee728b)  -> (artifact id: 'e7fa666090377c503defa37aff5a0424') in 0.009440 seconds
  Import took 0.014292 seconds .

========================================================================
Received Import Request.
  Time since last request: 1.454238 seconds.
  path: Assets/Prefabs/BUilding/TX Village Props Road Sign A.prefab
  artifactKey: Guid(a9aca25fc417d07448aab8586a288c96) Importer(815301076,1909f56bfc062723c751e8b465ee728b)
Start importing Assets/Prefabs/BUilding/TX Village Props Road Sign A.prefab using Guid(a9aca25fc417d07448aab8586a288c96) Importer(815301076,1909f56bfc062723c751e8b465ee728b)  -> (artifact id: '60dc76a703bdd36fadf14da8960ed283') in 0.009076 seconds
  Import took 0.013167 seconds .

========================================================================
Received Import Request.
  Time since last request: 2.124422 seconds.
  path: Assets/Prefabs/BUilding/TX Village Props Road Lamp.prefab
  artifactKey: Guid(fcfc486758ddffe4dbe09b74d57ceb1c) Importer(815301076,1909f56bfc062723c751e8b465ee728b)
Start importing Assets/Prefabs/BUilding/TX Village Props Road Lamp.prefab using Guid(fcfc486758ddffe4dbe09b74d57ceb1c) Importer(815301076,1909f56bfc062723c751e8b465ee728b)  -> (artifact id: '358efd4f69e6c48ec45a09b0c5af194a') in 0.010738 seconds
  Import took 0.014779 seconds .

========================================================================
Received Import Request.
  Time since last request: 3.421150 seconds.
  path: Assets/Prefabs/BUilding/TX Village Props Road Lamp.prefab
  artifactKey: Guid(fcfc486758ddffe4dbe09b74d57ceb1c) Importer(815301076,1909f56bfc062723c751e8b465ee728b)
Start importing Assets/Prefabs/BUilding/TX Village Props Road Lamp.prefab using Guid(fcfc486758ddffe4dbe09b74d57ceb1c) Importer(815301076,1909f56bfc062723c751e8b465ee728b)  -> (artifact id: '6e6ac01a6725a616fee388ea7c1998d5') in 0.009405 seconds
  Import took 0.014097 seconds .

========================================================================
Received Import Request.
  Time since last request: 3.300356 seconds.
  path: Assets/Prefabs/BUilding/Fire.prefab
  artifactKey: Guid(51ccf98cdb79f014d81a2f6865d63d42) Importer(815301076,1909f56bfc062723c751e8b465ee728b)
Start importing Assets/Prefabs/BUilding/Fire.prefab using Guid(51ccf98cdb79f014d81a2f6865d63d42) Importer(815301076,1909f56bfc062723c751e8b465ee728b)  -> (artifact id: '8c1236868f30690fa4680ba44dfa0355') in 0.014418 seconds
  Import took 0.019129 seconds .

========================================================================
Received Import Request.
  Time since last request: 0.001606 seconds.
  path: Assets/Prefabs/BUilding/Fire.prefab
  artifactKey: Guid(51ccf98cdb79f014d81a2f6865d63d42) Importer(815301076,1909f56bfc062723c751e8b465ee728b)
Start importing Assets/Prefabs/BUilding/Fire.prefab using Guid(51ccf98cdb79f014d81a2f6865d63d42) Importer(815301076,1909f56bfc062723c751e8b465ee728b)  -> (artifact id: '8c1236868f30690fa4680ba44dfa0355') in 0.012930 seconds
  Import took 0.017200 seconds .

========================================================================
Received Import Request.
  Time since last request: 2.245235 seconds.
  path: Assets/Prefabs/BUilding/Fire.prefab
  artifactKey: Guid(51ccf98cdb79f014d81a2f6865d63d42) Importer(815301076,1909f56bfc062723c751e8b465ee728b)
Start importing Assets/Prefabs/BUilding/Fire.prefab using Guid(51ccf98cdb79f014d81a2f6865d63d42) Importer(815301076,1909f56bfc062723c751e8b465ee728b)  -> (artifact id: '0e93283c44b9615767c6a785ac27d382') in 0.022099 seconds
  Import took 0.026365 seconds .

========================================================================
Received Prepare
Registering precompiled user dll's ...
Registered in 0.004816 seconds.
Begin MonoManager ReloadAssembly
Native extension for WindowsStandalone target not found
Refreshing native plugins compatible for Editor in 0.72 ms, found 3 plugins.
Preloading 0 native plugins for Editor in 0.00 ms.
Mono: successfully reloaded assembly
- Completed reload, in  1.152 seconds
Platform modules already initialized, skipping
Refreshing native plugins compatible for Editor in 0.71 ms, found 3 plugins.
Preloading 0 native plugins for Editor in 0.00 ms.
Unloading 2086 Unused Serialized files (Serialized files now loaded: 0)
System memory in use before: 97.3 MB.
System memory in use after: 97.4 MB.

Unloading 17 unused Assets to reduce memory usage. Loaded Objects now: 2560.
Total: 1.874000 ms (FindLiveObjects: 0.211000 ms CreateObjectMapping: 0.082900 ms MarkObjects: 1.549700 ms  DeleteObjects: 0.029200 ms)

========================================================================
Received Prepare
Registering precompiled user dll's ...
Registered in 0.003560 seconds.
Begin MonoManager ReloadAssembly
Native extension for WindowsStandalone target not found
Refreshing native plugins compatible for Editor in 0.43 ms, found 3 plugins.
Preloading 0 native plugins for Editor in 0.00 ms.
Mono: successfully reloaded assembly
- Completed reload, in  0.864 seconds
Platform modules already initialized, skipping
Refreshing native plugins compatible for Editor in 0.45 ms, found 3 plugins.
Preloading 0 native plugins for Editor in 0.00 ms.
Unloading 2086 Unused Serialized files (Serialized files now loaded: 0)
System memory in use before: 97.3 MB.
System memory in use after: 97.5 MB.

Unloading 16 unused Assets to reduce memory usage. Loaded Objects now: 2564.
Total: 2.240200 ms (FindLiveObjects: 0.217900 ms CreateObjectMapping: 0.109300 ms MarkObjects: 1.892300 ms  DeleteObjects: 0.019500 ms)

========================================================================
Received Prepare
Registering precompiled user dll's ...
Registered in 0.004219 seconds.
Begin MonoManager ReloadAssembly
Native extension for WindowsStandalone target not found
Refreshing native plugins compatible for Editor in 0.43 ms, found 3 plugins.
Preloading 0 native plugins for Editor in 0.00 ms.
Mono: successfully reloaded assembly
- Completed reload, in  0.842 seconds
Platform modules already initialized, skipping
Refreshing native plugins compatible for Editor in 0.43 ms, found 3 plugins.
Preloading 0 native plugins for Editor in 0.00 ms.
Unloading 2086 Unused Serialized files (Serialized files now loaded: 0)
System memory in use before: 97.4 MB.
System memory in use after: 97.5 MB.

Unloading 16 unused Assets to reduce memory usage. Loaded Objects now: 2568.
Total: 1.897200 ms (FindLiveObjects: 0.181100 ms CreateObjectMapping: 0.080900 ms MarkObjects: 1.620100 ms  DeleteObjects: 0.014000 ms)

========================================================================
Received Import Request.
  Time since last request: 94.312783 seconds.
  path: Assets/Prefabs/BUilding/Fire.prefab
  artifactKey: Guid(51ccf98cdb79f014d81a2f6865d63d42) Importer(815301076,1909f56bfc062723c751e8b465ee728b)
Start importing Assets/Prefabs/BUilding/Fire.prefab using Guid(51ccf98cdb79f014d81a2f6865d63d42) Importer(815301076,1909f56bfc062723c751e8b465ee728b)  -> (artifact id: 'bb1c540c592a334701ddb3959e3b8173') in 0.048685 seconds
  Import took 0.091654 seconds .

========================================================================
Received Import Request.
  Time since last request: 3.497850 seconds.
  path: Assets/Prefabs/BUilding/TX Village Props Road Lamp.prefab
  artifactKey: Guid(fcfc486758ddffe4dbe09b74d57ceb1c) Importer(815301076,1909f56bfc062723c751e8b465ee728b)
Start importing Assets/Prefabs/BUilding/TX Village Props Road Lamp.prefab using Guid(fcfc486758ddffe4dbe09b74d57ceb1c) Importer(815301076,1909f56bfc062723c751e8b465ee728b)  -> (artifact id: '767f5c5dc069a1bf2f6f4c39d8183385') in 0.009014 seconds
  Import took 0.012954 seconds .

========================================================================
Received Import Request.
  Time since last request: 2.726002 seconds.
  path: Assets/Prefabs/BUilding/TX Village Props Road Sign A.prefab
  artifactKey: Guid(a9aca25fc417d07448aab8586a288c96) Importer(815301076,1909f56bfc062723c751e8b465ee728b)
Start importing Assets/Prefabs/BUilding/TX Village Props Road Sign A.prefab using Guid(a9aca25fc417d07448aab8586a288c96) Importer(815301076,1909f56bfc062723c751e8b465ee728b)  -> (artifact id: 'e5504dc891df700ce73ab5c2fe34cef1') in 0.010167 seconds
  Import took 0.014394 seconds .

========================================================================
Received Prepare
Registering precompiled user dll's ...
Registered in 0.003619 seconds.
Begin MonoManager ReloadAssembly
Native extension for WindowsStandalone target not found
Refreshing native plugins compatible for Editor in 0.43 ms, found 3 plugins.
Preloading 0 native plugins for Editor in 0.00 ms.
Mono: successfully reloaded assembly
- Completed reload, in  0.977 seconds
Platform modules already initialized, skipping
Refreshing native plugins compatible for Editor in 0.45 ms, found 3 plugins.
Preloading 0 native plugins for Editor in 0.00 ms.
Unloading 2086 Unused Serialized files (Serialized files now loaded: 0)
System memory in use before: 97.4 MB.
System memory in use after: 97.5 MB.

Unloading 17 unused Assets to reduce memory usage. Loaded Objects now: 2573.
Total: 2.325800 ms (FindLiveObjects: 0.213200 ms CreateObjectMapping: 0.063300 ms MarkObjects: 1.994600 ms  DeleteObjects: 0.053900 ms)

========================================================================
Received Prepare
Registering precompiled user dll's ...
Registered in 0.003714 seconds.
Begin MonoManager ReloadAssembly
Native extension for WindowsStandalone target not found
Refreshing native plugins compatible for Editor in 0.79 ms, found 3 plugins.
Preloading 0 native plugins for Editor in 0.00 ms.
Mono: successfully reloaded assembly
- Completed reload, in  1.138 seconds
Platform modules already initialized, skipping
Refreshing native plugins compatible for Editor in 0.61 ms, found 3 plugins.
Preloading 0 native plugins for Editor in 0.00 ms.
Unloading 2086 Unused Serialized files (Serialized files now loaded: 0)
System memory in use before: 97.4 MB.
System memory in use after: 97.5 MB.

Unloading 16 unused Assets to reduce memory usage. Loaded Objects now: 2577.
Total: 3.155700 ms (FindLiveObjects: 0.500800 ms CreateObjectMapping: 0.184200 ms MarkObjects: 2.447200 ms  DeleteObjects: 0.021100 ms)

========================================================================
Received Prepare
Registering precompiled user dll's ...
Registered in 0.004051 seconds.
Begin MonoManager ReloadAssembly
Native extension for WindowsStandalone target not found
Refreshing native plugins compatible for Editor in 0.83 ms, found 3 plugins.
Preloading 0 native plugins for Editor in 0.00 ms.
Mono: successfully reloaded assembly
- Completed reload, in  1.235 seconds
Platform modules already initialized, skipping
Refreshing native plugins compatible for Editor in 0.87 ms, found 3 plugins.
Preloading 0 native plugins for Editor in 0.00 ms.
Unloading 2086 Unused Serialized files (Serialized files now loaded: 0)
System memory in use before: 97.4 MB.
System memory in use after: 97.5 MB.

Unloading 16 unused Assets to reduce memory usage. Loaded Objects now: 2581.
Total: 3.597600 ms (FindLiveObjects: 0.576400 ms CreateObjectMapping: 0.185900 ms MarkObjects: 2.794700 ms  DeleteObjects: 0.037700 ms)

========================================================================
Received Prepare
Registering precompiled user dll's ...
Registered in 0.004183 seconds.
Begin MonoManager ReloadAssembly
Native extension for WindowsStandalone target not found
Refreshing native plugins compatible for Editor in 0.71 ms, found 3 plugins.
Preloading 0 native plugins for Editor in 0.00 ms.
Mono: successfully reloaded assembly
- Completed reload, in  1.122 seconds
Platform modules already initialized, skipping
Refreshing native plugins compatible for Editor in 0.47 ms, found 3 plugins.
Preloading 0 native plugins for Editor in 0.00 ms.
Unloading 2086 Unused Serialized files (Serialized files now loaded: 0)
System memory in use before: 97.4 MB.
System memory in use after: 97.5 MB.

Unloading 16 unused Assets to reduce memory usage. Loaded Objects now: 2585.
Total: 2.066300 ms (FindLiveObjects: 0.226800 ms CreateObjectMapping: 0.089900 ms MarkObjects: 1.732600 ms  DeleteObjects: 0.015600 ms)

========================================================================
Received Prepare
Registering precompiled user dll's ...
Registered in 0.004043 seconds.
Begin MonoManager ReloadAssembly
Native extension for WindowsStandalone target not found
Refreshing native plugins compatible for Editor in 0.58 ms, found 3 plugins.
Preloading 0 native plugins for Editor in 0.00 ms.
Mono: successfully reloaded assembly
- Completed reload, in  1.137 seconds
Platform modules already initialized, skipping
Refreshing native plugins compatible for Editor in 0.58 ms, found 3 plugins.
Preloading 0 native plugins for Editor in 0.00 ms.
Unloading 2086 Unused Serialized files (Serialized files now loaded: 0)
System memory in use before: 97.4 MB.
System memory in use after: 97.5 MB.

Unloading 16 unused Assets to reduce memory usage. Loaded Objects now: 2589.
Total: 3.276000 ms (FindLiveObjects: 0.541500 ms CreateObjectMapping: 0.201400 ms MarkObjects: 2.505500 ms  DeleteObjects: 0.025900 ms)

========================================================================
Received Prepare
Registering precompiled user dll's ...
Registered in 0.005621 seconds.
Begin MonoManager ReloadAssembly
Native extension for WindowsStandalone target not found
Refreshing native plugins compatible for Editor in 0.86 ms, found 3 plugins.
Preloading 0 native plugins for Editor in 0.00 ms.
Mono: successfully reloaded assembly
- Completed reload, in  1.237 seconds
Platform modules already initialized, skipping
Refreshing native plugins compatible for Editor in 0.53 ms, found 3 plugins.
Preloading 0 native plugins for Editor in 0.00 ms.
Unloading 2086 Unused Serialized files (Serialized files now loaded: 0)
System memory in use before: 97.4 MB.
System memory in use after: 97.6 MB.

Unloading 16 unused Assets to reduce memory usage. Loaded Objects now: 2593.
Total: 3.923300 ms (FindLiveObjects: 0.276700 ms CreateObjectMapping: 0.109600 ms MarkObjects: 3.506600 ms  DeleteObjects: 0.028500 ms)

========================================================================
Received Import Request.
  Time since last request: 331.640309 seconds.
  path: Assets/Scipts/CameraMovement
  artifactKey: Guid(6137c3bb0e0fa9a46b419fd78687d204) Importer(815301076,1909f56bfc062723c751e8b465ee728b)
Start importing Assets/Scipts/CameraMovement using Guid(6137c3bb0e0fa9a46b419fd78687d204) Importer(815301076,1909f56bfc062723c751e8b465ee728b)  -> (artifact id: 'a2571cf2edc42222aaf2dca86f846416') in 0.005916 seconds
  Import took 0.009522 seconds .

========================================================================
Received Import Request.
  Time since last request: 0.989572 seconds.
  path: Assets/Scipts/CameraMovement/CameraMovement.cs
  artifactKey: Guid(c6076040e9ccf4a4883c5eb2b804068d) Importer(815301076,1909f56bfc062723c751e8b465ee728b)
Start importing Assets/Scipts/CameraMovement/CameraMovement.cs using Guid(c6076040e9ccf4a4883c5eb2b804068d) Importer(815301076,1909f56bfc062723c751e8b465ee728b)  -> (artifact id: '4ebfe095b71920388764b96428fe0862') in 0.003873 seconds
  Import took 0.007382 seconds .

========================================================================
Received Prepare
Registering precompiled user dll's ...
Registered in 0.003814 seconds.
Begin MonoManager ReloadAssembly
Native extension for WindowsStandalone target not found
Refreshing native plugins compatible for Editor in 0.43 ms, found 3 plugins.
Preloading 0 native plugins for Editor in 0.00 ms.
Mono: successfully reloaded assembly
- Completed reload, in  0.895 seconds
Platform modules already initialized, skipping
Refreshing native plugins compatible for Editor in 0.54 ms, found 3 plugins.
Preloading 0 native plugins for Editor in 0.00 ms.
Unloading 2086 Unused Serialized files (Serialized files now loaded: 0)
System memory in use before: 97.4 MB.
System memory in use after: 97.6 MB.

Unloading 16 unused Assets to reduce memory usage. Loaded Objects now: 2597.
Total: 1.909100 ms (FindLiveObjects: 0.234000 ms CreateObjectMapping: 0.085800 ms MarkObjects: 1.554900 ms  DeleteObjects: 0.033600 ms)

========================================================================
Received Import Request.
  Time since last request: 543.739832 seconds.
  path: Assets/Scipts/CameraMovement/CameraMovement.cs
  artifactKey: Guid(c6076040e9ccf4a4883c5eb2b804068d) Importer(815301076,1909f56bfc062723c751e8b465ee728b)
Start importing Assets/Scipts/CameraMovement/CameraMovement.cs using Guid(c6076040e9ccf4a4883c5eb2b804068d) Importer(815301076,1909f56bfc062723c751e8b465ee728b)  -> (artifact id: '75decfaf4d9b3a29ecd964679af80315') in 0.004449 seconds
  Import took 0.007797 seconds .

========================================================================
Received Import Request.
  Time since last request: 41.961470 seconds.
  path: Assets/ThirdPartyAssets/Bandits - Pixel Art
  artifactKey: Guid(c4a09fcb39b4c914d80e745dbf159104) Importer(815301076,1909f56bfc062723c751e8b465ee728b)
Start importing Assets/ThirdPartyAssets/Bandits - Pixel Art using Guid(c4a09fcb39b4c914d80e745dbf159104) Importer(815301076,1909f56bfc062723c751e8b465ee728b)  -> (artifact id: '2d8d45bfccb4e909a78c189bf9495847') in 0.002285 seconds
  Import took 0.042418 seconds .

========================================================================
Received Import Request.
  Time since last request: 0.788714 seconds.
  path: Assets/ThirdPartyAssets/Bandits - Pixel Art/Demo
  artifactKey: Guid(b9bf6a2a159e69745b7810af3ec3f575) Importer(815301076,1909f56bfc062723c751e8b465ee728b)
Start importing Assets/ThirdPartyAssets/Bandits - Pixel Art/Demo using Guid(b9bf6a2a159e69745b7810af3ec3f575) Importer(815301076,1909f56bfc062723c751e8b465ee728b)  -> (artifact id: 'b3ede09fab911a441fe32a3b46ff2ff5') in 0.003021 seconds
  Import took 0.007489 seconds .

========================================================================
Received Import Request.
  Time since last request: 2.188957 seconds.
  path: Assets/ThirdPartyAssets/Bandits - Pixel Art/Animations
  artifactKey: Guid(5b4588478efd7c244b598df63562b79f) Importer(815301076,1909f56bfc062723c751e8b465ee728b)
Start importing Assets/ThirdPartyAssets/Bandits - Pixel Art/Animations using Guid(5b4588478efd7c244b598df63562b79f) Importer(815301076,1909f56bfc062723c751e8b465ee728b)  -> (artifact id: '28b7868976b3b9927b42bfcf7f620f40') in 0.002740 seconds
  Import took 0.007524 seconds .

========================================================================
Received Import Request.
  Time since last request: 1.758662 seconds.
  path: Assets/ThirdPartyAssets/Bandits - Pixel Art/Animations/Light Bandit
  artifactKey: Guid(589cc16c1bd89934ab5ca6f7d9a33cc2) Importer(815301076,1909f56bfc062723c751e8b465ee728b)
Start importing Assets/ThirdPartyAssets/Bandits - Pixel Art/Animations/Light Bandit using Guid(589cc16c1bd89934ab5ca6f7d9a33cc2) Importer(815301076,1909f56bfc062723c751e8b465ee728b)  -> (artifact id: 'a8389bb2ffc32677b12b507166005e6d') in 0.001996 seconds
  Import took 0.036066 seconds .

========================================================================
Received Import Request.
  Time since last request: 1.788680 seconds.
  path: Assets/ThirdPartyAssets/Bandits - Pixel Art/Animations/Light Bandit/LightBandit_AnimController.controller
  artifactKey: Guid(b95265f99b6d90e438df1308a89c8bab) Importer(815301076,1909f56bfc062723c751e8b465ee728b)
Start importing Assets/ThirdPartyAssets/Bandits - Pixel Art/Animations/Light Bandit/LightBandit_AnimController.controller using Guid(b95265f99b6d90e438df1308a89c8bab) Importer(815301076,1909f56bfc062723c751e8b465ee728b)  -> (artifact id: '941c29b4cbd99725667cea015b0e4742') in 0.021079 seconds
  Import took 0.025284 seconds .

========================================================================
Received Import Request.
  Time since last request: 22.745647 seconds.
  path: Assets/ThirdPartyAssets/Bandits - Pixel Art/Animations/Light Bandit/LightBandit_Attack.anim
  artifactKey: Guid(f50ea1e86c917ee4a886801ca2d6f4c2) Importer(815301076,1909f56bfc062723c751e8b465ee728b)
Start importing Assets/ThirdPartyAssets/Bandits - Pixel Art/Animations/Light Bandit/LightBandit_Attack.anim using Guid(f50ea1e86c917ee4a886801ca2d6f4c2) Importer(815301076,1909f56bfc062723c751e8b465ee728b)  -> (artifact id: '6373a217c38f3602d2e178c56924520a') in 0.004286 seconds
  Import took 0.008705 seconds .

========================================================================
Received Import Request.
  Time since last request: 0.004991 seconds.
  path: Assets/ThirdPartyAssets/Bandits - Pixel Art/Animations/Light Bandit/LightBandit_Attack.anim
  artifactKey: Guid(f50ea1e86c917ee4a886801ca2d6f4c2) Importer(815301076,1909f56bfc062723c751e8b465ee728b)
Start importing Assets/ThirdPartyAssets/Bandits - Pixel Art/Animations/Light Bandit/LightBandit_Attack.anim using Guid(f50ea1e86c917ee4a886801ca2d6f4c2) Importer(815301076,1909f56bfc062723c751e8b465ee728b)  -> (artifact id: '6373a217c38f3602d2e178c56924520a') in 0.002136 seconds
  Import took 0.005247 seconds .

========================================================================
Received Import Request.
  Time since last request: 5.886762 seconds.
  path: Assets/ThirdPartyAssets/Bandits - Pixel Art/Animations/Light Bandit/LightBandit_CombatIdle.anim
  artifactKey: Guid(6a1ebf4e9e2b85c4dbeebc58d8f911ca) Importer(815301076,1909f56bfc062723c751e8b465ee728b)
Start importing Assets/ThirdPartyAssets/Bandits - Pixel Art/Animations/Light Bandit/LightBandit_CombatIdle.anim using Guid(6a1ebf4e9e2b85c4dbeebc58d8f911ca) Importer(815301076,1909f56bfc062723c751e8b465ee728b)  -> (artifact id: 'f6ed6316edbf8cfbccbe747451b3add0') in 0.002551 seconds
  Import took 0.029057 seconds .

========================================================================
Received Prepare
Registering precompiled user dll's ...
Registered in 0.004073 seconds.
Begin MonoManager ReloadAssembly
Native extension for WindowsStandalone target not found
Refreshing native plugins compatible for Editor in 0.54 ms, found 3 plugins.
Preloading 0 native plugins for Editor in 0.00 ms.
Mono: successfully reloaded assembly
- Completed reload, in  1.004 seconds
Platform modules already initialized, skipping
Refreshing native plugins compatible for Editor in 0.43 ms, found 3 plugins.
Preloading 0 native plugins for Editor in 0.00 ms.
Unloading 2086 Unused Serialized files (Serialized files now loaded: 0)
System memory in use before: 97.5 MB.
System memory in use after: 97.6 MB.

Unloading 16 unused Assets to reduce memory usage. Loaded Objects now: 2601.
Total: 2.011600 ms (FindLiveObjects: 0.190900 ms CreateObjectMapping: 0.072300 ms MarkObjects: 1.733400 ms  DeleteObjects: 0.014300 ms)

AssetImportWorkerClient::OnTransportError - code=2 error=End of file
